INFO [2023-11-07 20:13:33] [[1]]
INFO [2023-11-07 20:13:33] list(GABA.pip1$genename, nmglut.pip1$genename, npglut.pip1$genename)
INFO [2023-11-07 20:13:33] 
INFO [2023-11-07 20:13:33] $filename
INFO [2023-11-07 20:13:33] [1] "docs/assets/venn_egenes.png"
INFO [2023-11-07 20:13:33] 
INFO [2023-11-07 20:13:33] $category.names
INFO [2023-11-07 20:13:33] c("GABA", "nmglut", "npglut")
INFO [2023-11-07 20:13:33] 
INFO [2023-11-07 20:13:33] $output
INFO [2023-11-07 20:13:33] T
INFO [2023-11-07 20:13:33] 
INFO [2023-11-07 20:13:33] $fill
INFO [2023-11-07 20:13:33] myCol
INFO [2023-11-07 20:13:33] 
INFO [2023-11-07 20:13:33] $lty
INFO [2023-11-07 20:13:33] [1] "blank"
INFO [2023-11-07 20:13:33] 
INFO [2023-11-07 20:13:33] $lwd
INFO [2023-11-07 20:13:33] [1] 2
INFO [2023-11-07 20:13:33] 
INFO [2023-11-07 20:13:33] $cat.fontface
INFO [2023-11-07 20:13:33] [1] "bold"
INFO [2023-11-07 20:13:33] 
INFO [2023-11-07 20:13:33] $fontface
INFO [2023-11-07 20:13:33] [1] "bold"
INFO [2023-11-07 20:13:33] 
INFO [2023-11-07 20:13:33] $cex
INFO [2023-11-07 20:13:33] [1] 2
INFO [2023-11-07 20:13:33] 
INFO [2023-11-07 20:13:33] $cat.cex
INFO [2023-11-07 20:13:33] [1] 2
INFO [2023-11-07 20:13:33] 
