INFO [2023-11-07 20:12:14] [[1]]
INFO [2023-11-07 20:12:14] list(GABA.pip1$genename, nmglut.pip1$genename, npglut.pip1$genename)
INFO [2023-11-07 20:12:14] 
INFO [2023-11-07 20:12:14] $filename
INFO [2023-11-07 20:12:14] [1] "docs/assets/venn_egenes.png"
INFO [2023-11-07 20:12:14] 
INFO [2023-11-07 20:12:14] $category.names
INFO [2023-11-07 20:12:14] c("GABA", "nmglut", "npglut")
INFO [2023-11-07 20:12:14] 
INFO [2023-11-07 20:12:14] $output
INFO [2023-11-07 20:12:14] T
INFO [2023-11-07 20:12:14] 
INFO [2023-11-07 20:12:14] $fill
INFO [2023-11-07 20:12:14] myCol
INFO [2023-11-07 20:12:14] 
INFO [2023-11-07 20:12:14] $lty
INFO [2023-11-07 20:12:14] [1] "blank"
INFO [2023-11-07 20:12:14] 
INFO [2023-11-07 20:12:14] $lwd
INFO [2023-11-07 20:12:14] [1] 2
INFO [2023-11-07 20:12:14] 
INFO [2023-11-07 20:12:14] $cat.fontface
INFO [2023-11-07 20:12:14] [1] "bold"
INFO [2023-11-07 20:12:14] 
