INFO [2023-11-07 20:12:35] [[1]]
INFO [2023-11-07 20:12:35] list(GABA.pip1$genename, nmglut.pip1$genename, npglut.pip1$genename)
INFO [2023-11-07 20:12:35] 
INFO [2023-11-07 20:12:35] $filename
INFO [2023-11-07 20:12:35] [1] "docs/assets/venn_egenes.png"
INFO [2023-11-07 20:12:35] 
INFO [2023-11-07 20:12:35] $category.names
INFO [2023-11-07 20:12:35] c("GABA", "nmglut", "npglut")
INFO [2023-11-07 20:12:35] 
INFO [2023-11-07 20:12:35] $output
INFO [2023-11-07 20:12:35] T
INFO [2023-11-07 20:12:35] 
INFO [2023-11-07 20:12:35] $fill
INFO [2023-11-07 20:12:35] myCol
INFO [2023-11-07 20:12:35] 
INFO [2023-11-07 20:12:35] $lty
INFO [2023-11-07 20:12:35] [1] "blank"
INFO [2023-11-07 20:12:35] 
INFO [2023-11-07 20:12:35] $lwd
INFO [2023-11-07 20:12:35] [1] 2
INFO [2023-11-07 20:12:35] 
INFO [2023-11-07 20:12:35] $cat.fontface
INFO [2023-11-07 20:12:35] [1] "bold"
INFO [2023-11-07 20:12:35] 
INFO [2023-11-07 20:12:35] $fontface
INFO [2023-11-07 20:12:35] [1] "bold"
INFO [2023-11-07 20:12:35] 
