INFO [2023-11-07 20:43:08] [[1]]
INFO [2023-11-07 20:43:08] list(GABA.pip1$genename, nmglut.pip1$genename, npglut.pip1$genename)
INFO [2023-11-07 20:43:08] 
INFO [2023-11-07 20:43:08] $filename
INFO [2023-11-07 20:43:08] [1] "docs/assets/venn_egenes.png"
INFO [2023-11-07 20:43:08] 
INFO [2023-11-07 20:43:08] $category.names
INFO [2023-11-07 20:43:08] c("GABA", "nmglut", "npglut")
INFO [2023-11-07 20:43:08] 
INFO [2023-11-07 20:43:08] $output
INFO [2023-11-07 20:43:08] T
INFO [2023-11-07 20:43:08] 
INFO [2023-11-07 20:43:08] $fill
INFO [2023-11-07 20:43:08] myCol
INFO [2023-11-07 20:43:08] 
INFO [2023-11-07 20:43:08] $lty
INFO [2023-11-07 20:43:08] [1] "blank"
INFO [2023-11-07 20:43:08] 
INFO [2023-11-07 20:43:08] $lwd
INFO [2023-11-07 20:43:08] [1] 2
INFO [2023-11-07 20:43:08] 
INFO [2023-11-07 20:43:08] $cat.fontface
INFO [2023-11-07 20:43:08] [1] "bold"
INFO [2023-11-07 20:43:08] 
INFO [2023-11-07 20:43:08] $fontface
INFO [2023-11-07 20:43:08] [1] "bold"
INFO [2023-11-07 20:43:08] 
INFO [2023-11-07 20:43:08] $cex
INFO [2023-11-07 20:43:08] [1] 2
INFO [2023-11-07 20:43:08] 
INFO [2023-11-07 20:43:08] $cat.cex
INFO [2023-11-07 20:43:08] [1] 2
INFO [2023-11-07 20:43:08] 
INFO [2023-11-07 20:43:08] $cat.fontfamily
INFO [2023-11-07 20:43:08] [1] "sans"
INFO [2023-11-07 20:43:08] 
INFO [2023-11-07 20:43:08] $fontfamily
INFO [2023-11-07 20:43:08] [1] "sans"
INFO [2023-11-07 20:43:08] 
