INFO [2023-11-07 20:14:30] [[1]]
INFO [2023-11-07 20:14:30] list(GABA.pip1$genename, nmglut.pip1$genename, npglut.pip1$genename)
INFO [2023-11-07 20:14:30] 
INFO [2023-11-07 20:14:30] $filename
INFO [2023-11-07 20:14:30] [1] "docs/assets/venn_egenes.png"
INFO [2023-11-07 20:14:30] 
INFO [2023-11-07 20:14:30] $category.names
INFO [2023-11-07 20:14:30] c("GABA", "nmglut", "npglut")
INFO [2023-11-07 20:14:30] 
INFO [2023-11-07 20:14:30] $output
INFO [2023-11-07 20:14:30] T
INFO [2023-11-07 20:14:30] 
INFO [2023-11-07 20:14:30] $fill
INFO [2023-11-07 20:14:30] myCol
INFO [2023-11-07 20:14:30] 
INFO [2023-11-07 20:14:30] $lty
INFO [2023-11-07 20:14:30] [1] "blank"
INFO [2023-11-07 20:14:30] 
INFO [2023-11-07 20:14:30] $lwd
INFO [2023-11-07 20:14:30] [1] 2
INFO [2023-11-07 20:14:30] 
INFO [2023-11-07 20:14:30] $cat.fontface
INFO [2023-11-07 20:14:30] [1] "bold"
INFO [2023-11-07 20:14:30] 
INFO [2023-11-07 20:14:30] $fontface
INFO [2023-11-07 20:14:30] [1] "bold"
INFO [2023-11-07 20:14:30] 
INFO [2023-11-07 20:14:30] $cex
INFO [2023-11-07 20:14:30] [1] 2
INFO [2023-11-07 20:14:30] 
INFO [2023-11-07 20:14:30] $cat.cex
INFO [2023-11-07 20:14:30] [1] 2
INFO [2023-11-07 20:14:30] 
INFO [2023-11-07 20:14:30] $cat.fontfamily
INFO [2023-11-07 20:14:30] [1] "sans"
INFO [2023-11-07 20:14:30] 
INFO [2023-11-07 20:14:30] $fontfamily
INFO [2023-11-07 20:14:30] [1] "sans"
INFO [2023-11-07 20:14:30] 
