INFO [2023-11-07 20:13:15] [[1]]
INFO [2023-11-07 20:13:15] list(GABA.pip1$genename, nmglut.pip1$genename, npglut.pip1$genename)
INFO [2023-11-07 20:13:15] 
INFO [2023-11-07 20:13:15] $filename
INFO [2023-11-07 20:13:15] [1] "docs/assets/venn_egenes.png"
INFO [2023-11-07 20:13:15] 
INFO [2023-11-07 20:13:15] $category.names
INFO [2023-11-07 20:13:15] c("GABA", "nmglut", "npglut")
INFO [2023-11-07 20:13:15] 
INFO [2023-11-07 20:13:15] $output
INFO [2023-11-07 20:13:15] T
INFO [2023-11-07 20:13:15] 
INFO [2023-11-07 20:13:15] $fill
INFO [2023-11-07 20:13:15] myCol
INFO [2023-11-07 20:13:15] 
INFO [2023-11-07 20:13:15] $lty
INFO [2023-11-07 20:13:15] [1] "blank"
INFO [2023-11-07 20:13:15] 
INFO [2023-11-07 20:13:15] $lwd
INFO [2023-11-07 20:13:15] [1] 2
INFO [2023-11-07 20:13:15] 
INFO [2023-11-07 20:13:15] $cat.fontface
INFO [2023-11-07 20:13:15] [1] "bold"
INFO [2023-11-07 20:13:15] 
INFO [2023-11-07 20:13:15] $fontface
INFO [2023-11-07 20:13:15] [1] "bold"
INFO [2023-11-07 20:13:15] 
INFO [2023-11-07 20:13:15] $cex
INFO [2023-11-07 20:13:15] [1] 0.6
INFO [2023-11-07 20:13:15] 
INFO [2023-11-07 20:13:15] $cat.cex
INFO [2023-11-07 20:13:15] [1] 0.6
INFO [2023-11-07 20:13:15] 
